# JRE version: OpenJDK Runtime Environment (21.0.5) (build 21.0.5+-13047016-b750.29)
# Java VM: OpenJDK 64-Bit Server VM (21.0.5+-13047016-b750.29, mixed mode, tiered, compressed oops, compressed class ptrs, g1 gc, windows-amd64)
GC Precious Log:
 CardTable entry size: 512
 Card Set container configuration: InlinePtr #cards 5 size 8 Array Of Cards #cards 12 size 40 Howl #buckets 4 coarsen threshold 1843 Howl Bitmap #cards 512 size 80 coarsen threshold 460 Card regions per heap region 1 cards per card region 2048
 CPUs: 8 total, 8 available
 Memory: 8083M
 Large Page Support: Disabled
 NUMA Support: Disabled
 Compressed Oops: Enabled (32-bit)
 Heap Region Size: 1M
 Heap Min Capacity: 8M
 Heap Initial Capacity: 128M
 Heap Max Capacity: 2022M
 Pre-touch: Disabled
 Parallel Workers: 8
 Concurrent Workers: 2
 Concurrent Refinement Workers: 8
 Periodic GC: Disabled
Heap:
 garbage-first heap   total 104448K, used 61952K [0x0000000081a00000, 0x0000000100000000)
  region size 1024K, 22 young (22528K), 5 survivors (5120K)
 Metaspace       used 92514K, committed 93248K, reserved 1179648K
  class space    used 12345K, committed 12672K, reserved 1048576K
GC Heap History (20 events):
Event: 9.619 GC heap before
{Heap before GC invocations=8 (full 0):
 garbage-first heap   total 61440K, used 47877K [0x0000000081a00000, 0x0000000100000000)
  region size 1024K, 30 young (30720K), 2 survivors (2048K)
 Metaspace       used 40410K, committed 40896K, reserved 1114112K
  class space    used 5312K, committed 5568K, reserved 1048576K
}
Event: 9.634 GC heap after
{Heap after GC invocations=9 (full 0):
 garbage-first heap   total 74752K, used 21686K [0x0000000081a00000, 0x0000000100000000)
  region size 1024K, 4 young (4096K), 4 survivors (4096K)
 Metaspace       used 40410K, committed 40896K, reserved 1114112K
  class space    used 5312K, committed 5568K, reserved 1048576K
}
Event: 10.349 GC heap before
{Heap before GC invocations=9 (full 0):
 garbage-first heap   total 74752K, used 60598K [0x0000000081a00000, 0x0000000100000000)
  region size 1024K, 43 young (44032K), 4 survivors (4096K)
 Metaspace       used 47569K, committed 48128K, reserved 1114112K
  class space    used 6281K, committed 6528K, reserved 1048576K
}
Event: 10.359 GC heap after
{Heap after GC invocations=10 (full 0):
 garbage-first heap   total 74752K, used 23764K [0x0000000081a00000, 0x0000000100000000)
  region size 1024K, 5 young (5120K), 5 survivors (5120K)
 Metaspace       used 47569K, committed 48128K, reserved 1114112K
  class space    used 6281K, committed 6528K, reserved 1048576K
}
Event: 10.929 GC heap before
{Heap before GC invocations=10 (full 0):
 garbage-first heap   total 74752K, used 61652K [0x0000000081a00000, 0x0000000100000000)
  region size 1024K, 43 young (44032K), 5 survivors (5120K)
 Metaspace       used 53152K, committed 53760K, reserved 1114112K
  class space    used 6932K, committed 7232K, reserved 1048576K
}
Event: 10.942 GC heap after
{Heap after GC invocations=11 (full 0):
 garbage-first heap   total 74752K, used 26756K [0x0000000081a00000, 0x0000000100000000)
  region size 1024K, 6 young (6144K), 6 survivors (6144K)
 Metaspace       used 53152K, committed 53760K, reserved 1114112K
  class space    used 6932K, committed 7232K, reserved 1048576K
}
Event: 11.436 GC heap before
{Heap before GC invocations=11 (full 0):
 garbage-first heap   total 74752K, used 68740K [0x0000000081a00000, 0x0000000100000000)
  region size 1024K, 41 young (41984K), 6 survivors (6144K)
 Metaspace       used 56628K, committed 57152K, reserved 1114112K
  class space    used 7318K, committed 7552K, reserved 1048576K
}
Event: 11.452 GC heap after
{Heap after GC invocations=12 (full 0):
 garbage-first heap   total 81920K, used 36572K [0x0000000081a00000, 0x0000000100000000)
  region size 1024K, 6 young (6144K), 6 survivors (6144K)
 Metaspace       used 56628K, committed 57152K, reserved 1114112K
  class space    used 7318K, committed 7552K, reserved 1048576K
}
Event: 12.116 GC heap before
{Heap before GC invocations=12 (full 0):
 garbage-first heap   total 81920K, used 74460K [0x0000000081a00000, 0x0000000100000000)
  region size 1024K, 38 young (38912K), 6 survivors (6144K)
 Metaspace       used 58457K, committed 59008K, reserved 1114112K
  class space    used 7575K, committed 7808K, reserved 1048576K
}
Event: 12.144 GC heap after
{Heap after GC invocations=13 (full 0):
 garbage-first heap   total 104448K, used 37831K [0x0000000081a00000, 0x0000000100000000)
  region size 1024K, 5 young (5120K), 5 survivors (5120K)
 Metaspace       used 58457K, committed 59008K, reserved 1114112K
  class space    used 7575K, committed 7808K, reserved 1048576K
}
Event: 12.639 GC heap before
{Heap before GC invocations=13 (full 0):
 garbage-first heap   total 104448K, used 48071K [0x0000000081a00000, 0x0000000100000000)
  region size 1024K, 17 young (17408K), 5 survivors (5120K)
 Metaspace       used 59607K, committed 60096K, reserved 1114112K
  class space    used 7727K, committed 7936K, reserved 1048576K
}
Event: 12.673 GC heap after
{Heap after GC invocations=14 (full 0):
 garbage-first heap   total 104448K, used 39526K [0x0000000081a00000, 0x0000000100000000)
  region size 1024K, 2 young (2048K), 2 survivors (2048K)
 Metaspace       used 59607K, committed 60096K, reserved 1114112K
  class space    used 7727K, committed 7936K, reserved 1048576K
}
Event: 14.933 GC heap before
{Heap before GC invocations=15 (full 0):
 garbage-first heap   total 104448K, used 84582K [0x0000000081a00000, 0x0000000100000000)
  region size 1024K, 49 young (50176K), 2 survivors (2048K)
 Metaspace       used 65051K, committed 65664K, reserved 1114112K
  class space    used 8554K, committed 8832K, reserved 1048576K
}
Event: 14.952 GC heap after
{Heap after GC invocations=16 (full 0):
 garbage-first heap   total 104448K, used 39680K [0x0000000081a00000, 0x0000000100000000)
  region size 1024K, 4 young (4096K), 4 survivors (4096K)
 Metaspace       used 65051K, committed 65664K, reserved 1114112K
  class space    used 8554K, committed 8832K, reserved 1048576K
}
Event: 17.349 GC heap before
{Heap before GC invocations=16 (full 0):
 garbage-first heap   total 104448K, used 88832K [0x0000000081a00000, 0x0000000100000000)
  region size 1024K, 52 young (53248K), 4 survivors (4096K)
 Metaspace       used 72858K, committed 73536K, reserved 1114112K
  class space    used 9653K, committed 9984K, reserved 1048576K
}
Event: 17.371 GC heap after
{Heap after GC invocations=17 (full 0):
 garbage-first heap   total 104448K, used 41393K [0x0000000081a00000, 0x0000000100000000)
  region size 1024K, 7 young (7168K), 7 survivors (7168K)
 Metaspace       used 72858K, committed 73536K, reserved 1114112K
  class space    used 9653K, committed 9984K, reserved 1048576K
}
Event: 19.826 GC heap before
{Heap before GC invocations=17 (full 0):
 garbage-first heap   total 104448K, used 89521K [0x0000000081a00000, 0x0000000100000000)
  region size 1024K, 54 young (55296K), 7 survivors (7168K)
 Metaspace       used 82158K, committed 82880K, reserved 1179648K
  class space    used 10792K, committed 11136K, reserved 1048576K
}
Event: 19.845 GC heap after
{Heap after GC invocations=18 (full 0):
 garbage-first heap   total 104448K, used 44145K [0x0000000081a00000, 0x0000000100000000)
  region size 1024K, 7 young (7168K), 7 survivors (7168K)
 Metaspace       used 82158K, committed 82880K, reserved 1179648K
  class space    used 10792K, committed 11136K, reserved 1048576K
}
Event: 22.746 GC heap before
{Heap before GC invocations=18 (full 0):
 garbage-first heap   total 104448K, used 89201K [0x0000000081a00000, 0x0000000100000000)
  region size 1024K, 52 young (53248K), 7 survivors (7168K)
 Metaspace       used 90855K, committed 91648K, reserved 1179648K
  class space    used 12057K, committed 12416K, reserved 1048576K
}
Event: 22.769 GC heap after
{Heap after GC invocations=19 (full 0):
 garbage-first heap   total 104448K, used 45568K [0x0000000081a00000, 0x0000000100000000)
  region size 1024K, 5 young (5120K), 5 survivors (5120K)
 Metaspace       used 90855K, committed 91648K, reserved 1179648K
  class space    used 12057K, committed 12416K, reserved 1048576K
}

